<?xml version="1.0" encoding="UTF-8"?>
<testng-results total="1" passed="1" failed="0" skipped="0">
  <reporter-output>
  </reporter-output>
  <suite started-at="2024-05-16T14:05:12Z" name="Default suite" finished-at="2024-05-16T14:05:18Z" duration-ms="5698">
    <groups>
    </groups>
    <test started-at="2024-05-16T14:05:12Z" name="Default test" finished-at="2024-05-16T14:05:18Z" duration-ms="5698">
      <class name="selenideTests.FirstTest">
        <test-method is-config="true" signature="setup()[pri:0, instance:selenideTests.FirstTest@2b40ff9c]" started-at="2024-05-16T19:35:12Z" name="setup" finished-at="2024-05-16T19:35:14Z" duration-ms="1933" status="PASS">
          <reporter-output>
          </reporter-output>
        </test-method> <!-- setup -->
        <test-method signature="userCanSearch()[pri:0, instance:selenideTests.FirstTest@2b40ff9c]" started-at="2024-05-16T19:35:14Z" name="userCanSearch" finished-at="2024-05-16T19:35:18Z" duration-ms="3753" status="PASS">
          <reporter-output>
          </reporter-output>
        </test-method> <!-- userCanSearch -->
      </class> <!-- selenideTests.FirstTest -->
    </test> <!-- Default test -->
  </suite> <!-- Default suite -->
</testng-results>
